{"/Users/beigeh0ney/Desktop/Techtonica/Techtonica-assignments/flix-finder/client/src/components/NavBar.jsx": {"path":"/Users/beigeh0ney/Desktop/Techtonica/Techtonica-assignments/flix-finder/client/src/components/NavBar.jsx","statementMap":{"0":{"start":{"line":8,"column":2},"end":{"line":26,"column":3}}},"fnMap":{"0":{"name":"NavBar","decl":{"start":{"line":7,"column":24},"end":{"line":7,"column":30}},"loc":{"start":{"line":7,"column":33},"end":{"line":27,"column":1}},"line":7}},"branchMap":{},"s":{"0":1},"f":{"0":1},"b":{},"_coverageSchema":"1a1c01bbd47fc00a2c39e90264f33305004495a9","hash":"5c1100735be58ef04d308a612c1d203360636766"}
}
